# JRE version: OpenJDK Runtime Environment Temurin-21.0.10+7 (21.0.10+7) (build 21.0.10+7-LTS)
# Java VM: OpenJDK 64-Bit Server VM Temurin-21.0.10+7 (21.0.10+7-LTS, mixed mode, sharing, tiered, compressed oops, compressed class ptrs, parallel gc, windows-amd64)
GC Precious Log:
 CardTable entry size: 512
 CPUs: 8 total, 8 available
 Memory: 16219M
 Large Page Support: Disabled
 NUMA Support: Disabled
 Compressed Oops: Enabled (32-bit)
 Alignments: Space 512K, Generation 512K, Heap 2M
 Heap Min Capacity: 100M
 Heap Initial Capacity: 100M
 Heap Max Capacity: 2G
 Pre-touch: Disabled
 Parallel Workers: 8
Heap:
 PSYoungGen      total 8192K, used 1571K [0x00000000d5580000, 0x00000000d5f00000, 0x0000000100000000)
  eden space 7680K, 15% used [0x00000000d5580000,0x00000000d56b0df0,0x00000000d5d00000)
  from space 512K, 68% used [0x00000000d5e00000,0x00000000d5e58000,0x00000000d5e80000)
  to   space 512K, 0% used [0x00000000d5e80000,0x00000000d5e80000,0x00000000d5f00000)
 ParOldGen       total 1223168K, used 1222665K [0x0000000080000000, 0x00000000caa80000, 0x00000000d5580000)
  object space 1223168K, 99% used [0x0000000080000000,0x00000000caa02618,0x00000000caa80000)
 Metaspace       used 94302K, committed 96064K, reserved 1179648K
  class space    used 9072K, committed 9920K, reserved 1048576K
GC Heap History (20 events):
Event: 288345.191 GC heap before
{Heap before GC invocations=10766 (full 17):
 PSYoungGen      total 9216K, used 8676K [0x00000000d5580000, 0x00000000d6000000, 0x0000000100000000)
  eden space 7680K, 100% used [0x00000000d5580000,0x00000000d5d00000,0x00000000d5d00000)
  from space 1536K, 64% used [0x00000000d5d00000,0x00000000d5df9210,0x00000000d5e80000)
  to   space 1536K, 0% used [0x00000000d5e80000,0x00000000d5e80000,0x00000000d6000000)
 ParOldGen       total 1218048K, used 1217875K [0x0000000080000000, 0x00000000ca580000, 0x00000000d5580000)
  object space 1218048K, 99% used [0x0000000080000000,0x00000000ca554f58,0x00000000ca580000)
 Metaspace       used 94298K, committed 96064K, reserved 1179648K
  class space    used 9071K, committed 9920K, reserved 1048576K
}
Event: 288345.194 GC heap after
{Heap after GC invocations=10766 (full 17):
 PSYoungGen      total 8704K, used 848K [0x00000000d5580000, 0x00000000d5f80000, 0x0000000100000000)
  eden space 7680K, 0% used [0x00000000d5580000,0x00000000d5580000,0x00000000d5d00000)
  from space 1024K, 82% used [0x00000000d5e80000,0x00000000d5f54058,0x00000000d5f80000)
  to   space 1024K, 0% used [0x00000000d5d80000,0x00000000d5d80000,0x00000000d5e80000)
 ParOldGen       total 1219072K, used 1218737K [0x0000000080000000, 0x00000000ca680000, 0x00000000d5580000)
  object space 1219072K, 99% used [0x0000000080000000,0x00000000ca62c7f0,0x00000000ca680000)
 Metaspace       used 94298K, committed 96064K, reserved 1179648K
  class space    used 9071K, committed 9920K, reserved 1048576K
}
Event: 288345.209 GC heap before
{Heap before GC invocations=10767 (full 17):
 PSYoungGen      total 8704K, used 8528K [0x00000000d5580000, 0x00000000d5f80000, 0x0000000100000000)
  eden space 7680K, 100% used [0x00000000d5580000,0x00000000d5d00000,0x00000000d5d00000)
  from space 1024K, 82% used [0x00000000d5e80000,0x00000000d5f54058,0x00000000d5f80000)
  to   space 1024K, 0% used [0x00000000d5d80000,0x00000000d5d80000,0x00000000d5e80000)
 ParOldGen       total 1219072K, used 1218737K [0x0000000080000000, 0x00000000ca680000, 0x00000000d5580000)
  object space 1219072K, 99% used [0x0000000080000000,0x00000000ca62c7f0,0x00000000ca680000)
 Metaspace       used 94298K, committed 96064K, reserved 1179648K
  class space    used 9071K, committed 9920K, reserved 1048576K
}
Event: 288345.211 GC heap after
{Heap after GC invocations=10767 (full 17):
 PSYoungGen      total 8704K, used 768K [0x00000000d5580000, 0x00000000d5f00000, 0x0000000100000000)
  eden space 7680K, 0% used [0x00000000d5580000,0x00000000d5580000,0x00000000d5d00000)
  from space 1024K, 75% used [0x00000000d5d80000,0x00000000d5e40020,0x00000000d5e80000)
  to   space 512K, 0% used [0x00000000d5e80000,0x00000000d5e80000,0x00000000d5f00000)
 ParOldGen       total 1219584K, used 1219462K [0x0000000080000000, 0x00000000ca700000, 0x00000000d5580000)
  object space 1219584K, 99% used [0x0000000080000000,0x00000000ca6e1a00,0x00000000ca700000)
 Metaspace       used 94298K, committed 96064K, reserved 1179648K
  class space    used 9071K, committed 9920K, reserved 1048576K
}
Event: 288345.224 GC heap before
{Heap before GC invocations=10768 (full 17):
 PSYoungGen      total 8704K, used 8448K [0x00000000d5580000, 0x00000000d5f00000, 0x0000000100000000)
  eden space 7680K, 100% used [0x00000000d5580000,0x00000000d5d00000,0x00000000d5d00000)
  from space 1024K, 75% used [0x00000000d5d80000,0x00000000d5e40020,0x00000000d5e80000)
  to   space 512K, 0% used [0x00000000d5e80000,0x00000000d5e80000,0x00000000d5f00000)
 ParOldGen       total 1219584K, used 1219462K [0x0000000080000000, 0x00000000ca700000, 0x00000000d5580000)
  object space 1219584K, 99% used [0x0000000080000000,0x00000000ca6e1a00,0x00000000ca700000)
 Metaspace       used 94298K, committed 96064K, reserved 1179648K
  class space    used 9071K, committed 9920K, reserved 1048576K
}
Event: 288345.226 GC heap after
{Heap after GC invocations=10768 (full 17):
 PSYoungGen      total 8192K, used 512K [0x00000000d5580000, 0x00000000d6000000, 0x0000000100000000)
  eden space 7680K, 0% used [0x00000000d5580000,0x00000000d5580000,0x00000000d5d00000)
  from space 512K, 100% used [0x00000000d5e80000,0x00000000d5f00000,0x00000000d5f00000)
  to   space 1536K, 0% used [0x00000000d5d00000,0x00000000d5d00000,0x00000000d5e80000)
 ParOldGen       total 1220608K, used 1220282K [0x0000000080000000, 0x00000000ca800000, 0x00000000d5580000)
  object space 1220608K, 99% used [0x0000000080000000,0x00000000ca7ae948,0x00000000ca800000)
 Metaspace       used 94298K, committed 96064K, reserved 1179648K
  class space    used 9071K, committed 9920K, reserved 1048576K
}
Event: 288345.240 GC heap before
{Heap before GC invocations=10769 (full 17):
 PSYoungGen      total 8192K, used 8192K [0x00000000d5580000, 0x00000000d6000000, 0x0000000100000000)
  eden space 7680K, 100% used [0x00000000d5580000,0x00000000d5d00000,0x00000000d5d00000)
  from space 512K, 100% used [0x00000000d5e80000,0x00000000d5f00000,0x00000000d5f00000)
  to   space 1536K, 0% used [0x00000000d5d00000,0x00000000d5d00000,0x00000000d5e80000)
 ParOldGen       total 1220608K, used 1220282K [0x0000000080000000, 0x00000000ca800000, 0x00000000d5580000)
  object space 1220608K, 99% used [0x0000000080000000,0x00000000ca7ae948,0x00000000ca800000)
 Metaspace       used 94298K, committed 96064K, reserved 1179648K
  class space    used 9071K, committed 9920K, reserved 1048576K
}
Event: 288345.243 GC heap after
{Heap after GC invocations=10769 (full 17):
 PSYoungGen      total 9216K, used 880K [0x00000000d5580000, 0x00000000d6000000, 0x0000000100000000)
  eden space 7680K, 0% used [0x00000000d5580000,0x00000000d5580000,0x00000000d5d00000)
  from space 1536K, 57% used [0x00000000d5d00000,0x00000000d5ddc010,0x00000000d5e80000)
  to   space 1536K, 0% used [0x00000000d5e80000,0x00000000d5e80000,0x00000000d6000000)
 ParOldGen       total 1221120K, used 1220810K [0x0000000080000000, 0x00000000ca880000, 0x00000000d5580000)
  object space 1221120K, 99% used [0x0000000080000000,0x00000000ca832958,0x00000000ca880000)
 Metaspace       used 94298K, committed 96064K, reserved 1179648K
  class space    used 9071K, committed 9920K, reserved 1048576K
}
Event: 288406.108 GC heap before
{Heap before GC invocations=10770 (full 17):
 PSYoungGen      total 9216K, used 8559K [0x00000000d5580000, 0x00000000d6000000, 0x0000000100000000)
  eden space 7680K, 99% used [0x00000000d5580000,0x00000000d5cffc28,0x00000000d5d00000)
  from space 1536K, 57% used [0x00000000d5d00000,0x00000000d5ddc010,0x00000000d5e80000)
  to   space 1536K, 0% used [0x00000000d5e80000,0x00000000d5e80000,0x00000000d6000000)
 ParOldGen       total 1221120K, used 1220810K [0x0000000080000000, 0x00000000ca880000, 0x00000000d5580000)
  object space 1221120K, 99% used [0x0000000080000000,0x00000000ca832958,0x00000000ca880000)
 Metaspace       used 94298K, committed 96064K, reserved 1179648K
  class space    used 9071K, committed 9920K, reserved 1048576K
}
Event: 288406.111 GC heap after
{Heap after GC invocations=10770 (full 17):
 PSYoungGen      total 8704K, used 838K [0x00000000d5580000, 0x00000000d5f80000, 0x0000000100000000)
  eden space 7680K, 0% used [0x00000000d5580000,0x00000000d5580000,0x00000000d5d00000)
  from space 1024K, 81% used [0x00000000d5e80000,0x00000000d5f518b0,0x00000000d5f80000)
  to   space 1024K, 0% used [0x00000000d5d80000,0x00000000d5d80000,0x00000000d5e80000)
 ParOldGen       total 1221632K, used 1221562K [0x0000000080000000, 0x00000000ca900000, 0x00000000d5580000)
  object space 1221632K, 99% used [0x0000000080000000,0x00000000ca8ee9a8,0x00000000ca900000)
 Metaspace       used 94298K, committed 96064K, reserved 1179648K
  class space    used 9071K, committed 9920K, reserved 1048576K
}
Event: 288406.323 GC heap before
{Heap before GC invocations=10771 (full 17):
 PSYoungGen      total 8704K, used 8518K [0x00000000d5580000, 0x00000000d5f80000, 0x0000000100000000)
  eden space 7680K, 100% used [0x00000000d5580000,0x00000000d5d00000,0x00000000d5d00000)
  from space 1024K, 81% used [0x00000000d5e80000,0x00000000d5f518b0,0x00000000d5f80000)
  to   space 1024K, 0% used [0x00000000d5d80000,0x00000000d5d80000,0x00000000d5e80000)
 ParOldGen       total 1221632K, used 1221562K [0x0000000080000000, 0x00000000ca900000, 0x00000000d5580000)
  object space 1221632K, 99% used [0x0000000080000000,0x00000000ca8ee9a8,0x00000000ca900000)
 Metaspace       used 94298K, committed 96064K, reserved 1179648K
  class space    used 9071K, committed 9920K, reserved 1048576K
}
Event: 288406.327 GC heap after
{Heap after GC invocations=10771 (full 17):
 PSYoungGen      total 8704K, used 256K [0x00000000d5580000, 0x00000000d5f00000, 0x0000000100000000)
  eden space 7680K, 0% used [0x00000000d5580000,0x00000000d5580000,0x00000000d5d00000)
  from space 1024K, 25% used [0x00000000d5d80000,0x00000000d5dc0000,0x00000000d5e80000)
  to   space 512K, 0% used [0x00000000d5e80000,0x00000000d5e80000,0x00000000d5f00000)
 ParOldGen       total 1222656K, used 1222185K [0x0000000080000000, 0x00000000caa00000, 0x00000000d5580000)
  object space 1222656K, 99% used [0x0000000080000000,0x00000000ca98a5d8,0x00000000caa00000)
 Metaspace       used 94298K, committed 96064K, reserved 1179648K
  class space    used 9071K, committed 9920K, reserved 1048576K
}
Event: 288434.191 GC heap before
{Heap before GC invocations=10772 (full 17):
 PSYoungGen      total 8704K, used 7936K [0x00000000d5580000, 0x00000000d5f00000, 0x0000000100000000)
  eden space 7680K, 100% used [0x00000000d5580000,0x00000000d5d00000,0x00000000d5d00000)
  from space 1024K, 25% used [0x00000000d5d80000,0x00000000d5dc0000,0x00000000d5e80000)
  to   space 512K, 0% used [0x00000000d5e80000,0x00000000d5e80000,0x00000000d5f00000)
 ParOldGen       total 1222656K, used 1222185K [0x0000000080000000, 0x00000000caa00000, 0x00000000d5580000)
  object space 1222656K, 99% used [0x0000000080000000,0x00000000ca98a5d8,0x00000000caa00000)
 Metaspace       used 94298K, committed 96064K, reserved 1179648K
  class space    used 9071K, committed 9920K, reserved 1048576K
}
Event: 288434.194 GC heap after
{Heap after GC invocations=10772 (full 17):
 PSYoungGen      total 8192K, used 416K [0x00000000d5580000, 0x00000000d5f00000, 0x0000000100000000)
  eden space 7680K, 0% used [0x00000000d5580000,0x00000000d5580000,0x00000000d5d00000)
  from space 512K, 81% used [0x00000000d5e80000,0x00000000d5ee8020,0x00000000d5f00000)
  to   space 512K, 0% used [0x00000000d5e00000,0x00000000d5e00000,0x00000000d5e80000)
 ParOldGen       total 1222656K, used 1222241K [0x0000000080000000, 0x00000000caa00000, 0x00000000d5580000)
  object space 1222656K, 99% used [0x0000000080000000,0x00000000ca9985d8,0x00000000caa00000)
 Metaspace       used 94298K, committed 96064K, reserved 1179648K
  class space    used 9071K, committed 9920K, reserved 1048576K
}
Event: 288444.054 GC heap before
{Heap before GC invocations=10773 (full 17):
 PSYoungGen      total 8192K, used 8096K [0x00000000d5580000, 0x00000000d5f00000, 0x0000000100000000)
  eden space 7680K, 100% used [0x00000000d5580000,0x00000000d5d00000,0x00000000d5d00000)
  from space 512K, 81% used [0x00000000d5e80000,0x00000000d5ee8020,0x00000000d5f00000)
  to   space 512K, 0% used [0x00000000d5e00000,0x00000000d5e00000,0x00000000d5e80000)
 ParOldGen       total 1222656K, used 1222241K [0x0000000080000000, 0x00000000caa00000, 0x00000000d5580000)
  object space 1222656K, 99% used [0x0000000080000000,0x00000000ca9985d8,0x00000000caa00000)
 Metaspace       used 94301K, committed 96064K, reserved 1179648K
  class space    used 9071K, committed 9920K, reserved 1048576K
}
Event: 288444.056 GC heap after
{Heap after GC invocations=10773 (full 17):
 PSYoungGen      total 8192K, used 400K [0x00000000d5580000, 0x00000000d5f00000, 0x0000000100000000)
  eden space 7680K, 0% used [0x00000000d5580000,0x00000000d5580000,0x00000000d5d00000)
  from space 512K, 78% used [0x00000000d5e00000,0x00000000d5e64030,0x00000000d5e80000)
  to   space 512K, 0% used [0x00000000d5e80000,0x00000000d5e80000,0x00000000d5f00000)
 ParOldGen       total 1222656K, used 1222449K [0x0000000080000000, 0x00000000caa00000, 0x00000000d5580000)
  object space 1222656K, 99% used [0x0000000080000000,0x00000000ca9cc608,0x00000000caa00000)
 Metaspace       used 94301K, committed 96064K, reserved 1179648K
  class space    used 9071K, committed 9920K, reserved 1048576K
}
Event: 288445.236 GC heap before
{Heap before GC invocations=10774 (full 17):
 PSYoungGen      total 8192K, used 8080K [0x00000000d5580000, 0x00000000d5f00000, 0x0000000100000000)
  eden space 7680K, 100% used [0x00000000d5580000,0x00000000d5d00000,0x00000000d5d00000)
  from space 512K, 78% used [0x00000000d5e00000,0x00000000d5e64030,0x00000000d5e80000)
  to   space 512K, 0% used [0x00000000d5e80000,0x00000000d5e80000,0x00000000d5f00000)
 ParOldGen       total 1222656K, used 1222449K [0x0000000080000000, 0x00000000caa00000, 0x00000000d5580000)
  object space 1222656K, 99% used [0x0000000080000000,0x00000000ca9cc608,0x00000000caa00000)
 Metaspace       used 94301K, committed 96064K, reserved 1179648K
  class space    used 9071K, committed 9920K, reserved 1048576K
}
Event: 288445.237 GC heap after
{Heap after GC invocations=10774 (full 17):
 PSYoungGen      total 8192K, used 256K [0x00000000d5580000, 0x00000000d5f00000, 0x0000000100000000)
  eden space 7680K, 0% used [0x00000000d5580000,0x00000000d5580000,0x00000000d5d00000)
  from space 512K, 50% used [0x00000000d5e80000,0x00000000d5ec0000,0x00000000d5f00000)
  to   space 512K, 0% used [0x00000000d5e00000,0x00000000d5e00000,0x00000000d5e80000)
 ParOldGen       total 1222656K, used 1222585K [0x0000000080000000, 0x00000000caa00000, 0x00000000d5580000)
  object space 1222656K, 99% used [0x0000000080000000,0x00000000ca9ee618,0x00000000caa00000)
 Metaspace       used 94301K, committed 96064K, reserved 1179648K
  class space    used 9071K, committed 9920K, reserved 1048576K
}
Event: 288445.388 GC heap before
{Heap before GC invocations=10775 (full 17):
 PSYoungGen      total 8192K, used 7936K [0x00000000d5580000, 0x00000000d5f00000, 0x0000000100000000)
  eden space 7680K, 100% used [0x00000000d5580000,0x00000000d5d00000,0x00000000d5d00000)
  from space 512K, 50% used [0x00000000d5e80000,0x00000000d5ec0000,0x00000000d5f00000)
  to   space 512K, 0% used [0x00000000d5e00000,0x00000000d5e00000,0x00000000d5e80000)
 ParOldGen       total 1222656K, used 1222585K [0x0000000080000000, 0x00000000caa00000, 0x00000000d5580000)
  object space 1222656K, 99% used [0x0000000080000000,0x00000000ca9ee618,0x00000000caa00000)
 Metaspace       used 94302K, committed 96064K, reserved 1179648K
  class space    used 9072K, committed 9920K, reserved 1048576K
}
Event: 288445.389 GC heap after
{Heap after GC invocations=10775 (full 17):
 PSYoungGen      total 8192K, used 352K [0x00000000d5580000, 0x00000000d5f00000, 0x0000000100000000)
  eden space 7680K, 0% used [0x00000000d5580000,0x00000000d5580000,0x00000000d5d00000)
  from space 512K, 68% used [0x00000000d5e00000,0x00000000d5e58000,0x00000000d5e80000)
  to   space 512K, 0% used [0x00000000d5e80000,0x00000000d5e80000,0x00000000d5f00000)
 ParOldGen       total 1223168K, used 1222665K [0x0000000080000000, 0x00000000caa80000, 0x00000000d5580000)
  object space 1223168K, 99% used [0x0000000080000000,0x00000000caa02618,0x00000000caa80000)
 Metaspace       used 94302K, committed 96064K, reserved 1179648K
  class space    used 9072K, committed 9920K, reserved 1048576K
}

