[INFO] Scanning for projects...
[INFO] 
[INFO] ------------------< com.example:contentieux-security >------------------
[INFO] Building contentieux-security 0.0.1-SNAPSHOT
[INFO]   from pom.xml
[INFO] --------------------------------[ jar ]---------------------------------
[INFO] 
[INFO] --- resources:3.3.1:resources (default-resources) @ contentieux-security ---
[INFO] Copying 1 resource from src\main\resources to target\classes
[INFO] Copying 3 resources from src\main\resources to target\classes
[INFO] 
[INFO] --- compiler:3.14.1:compile (default-compile) @ contentieux-security ---
[INFO] Recompiling the module because of changed source code.
[INFO] Compiling 69 source files with javac [debug parameters release 21] to target\classes
[INFO] Annotation processing is enabled because one or more processors were found
  on the class path. A future release of javac may disable annotation processing
  unless at least one processor is specified by name (-processor), or a search
  path is specified (--processor-path, --processor-module-path), or annotation
  processing is enabled explicitly (-proc:only, -proc:full).
  Use -Xlint:-options to suppress this message.
  Use -proc:none to disable annotation processing.
[INFO] /C:/Users/Oumaima/Desktop/application-web-de-gestion-de-contentieux-bancaire/Downloads/contentieux-security/contentieux-security/src/main/java/com/example/contentieux_security/security/SecurityConfig.java: C:\Users\Oumaima\Desktop\application-web-de-gestion-de-contentieux-bancaire\Downloads\contentieux-security\contentieux-security\src\main\java\com\example\contentieux_security\security\SecurityConfig.java uses unchecked or unsafe operations.
[INFO] /C:/Users/Oumaima/Desktop/application-web-de-gestion-de-contentieux-bancaire/Downloads/contentieux-security/contentieux-security/src/main/java/com/example/contentieux_security/security/SecurityConfig.java: Recompile with -Xlint:unchecked for details.
[INFO] -------------------------------------------------------------
[ERROR] COMPILATION ERROR : 
[INFO] -------------------------------------------------------------
[ERROR] /C:/Users/Oumaima/Desktop/application-web-de-gestion-de-contentieux-bancaire/Downloads/contentieux-security/contentieux-security/src/main/java/com/example/contentieux_security/controller/UtilisateurController.java:[32,9] cannot find symbol
  symbol:   class Map
  location: class com.example.contentieux_security.controller.UtilisateurController
[ERROR] /C:/Users/Oumaima/Desktop/application-web-de-gestion-de-contentieux-bancaire/Downloads/contentieux-security/contentieux-security/src/main/java/com/example/contentieux_security/controller/UtilisateurController.java:[52,13] cannot find symbol
  symbol:   class Map
  location: class com.example.contentieux_security.controller.UtilisateurController
[ERROR] /C:/Users/Oumaima/Desktop/application-web-de-gestion-de-contentieux-bancaire/Downloads/contentieux-security/contentieux-security/src/main/java/com/example/contentieux_security/controller/UtilisateurController.java:[83,21] cannot find symbol
  symbol:   class Map
  location: class com.example.contentieux_security.controller.UtilisateurController
[ERROR] /C:/Users/Oumaima/Desktop/application-web-de-gestion-de-contentieux-bancaire/Downloads/contentieux-security/contentieux-security/src/main/java/com/example/contentieux_security/controller/UtilisateurController.java:[121,21] cannot find symbol
  symbol:   class Map
  location: class com.example.contentieux_security.controller.UtilisateurController
[INFO] 4 errors 
[INFO] -------------------------------------------------------------
[INFO] ------------------------------------------------------------------------
[INFO] BUILD FAILURE
[INFO] ------------------------------------------------------------------------
[INFO] Total time:  6.532 s
[INFO] Finished at: 2026-02-26T19:10:53+01:00
[INFO] ------------------------------------------------------------------------
[ERROR] Failed to execute goal org.apache.maven.plugins:maven-compiler-plugin:3.14.1:compile (default-compile) on project contentieux-security: Compilation failure: Compilation failure: 
[ERROR] /C:/Users/Oumaima/Desktop/application-web-de-gestion-de-contentieux-bancaire/Downloads/contentieux-security/contentieux-security/src/main/java/com/example/contentieux_security/controller/UtilisateurController.java:[32,9] cannot find symbol
[ERROR]   symbol:   class Map
[ERROR]   location: class com.example.contentieux_security.controller.UtilisateurController
[ERROR] /C:/Users/Oumaima/Desktop/application-web-de-gestion-de-contentieux-bancaire/Downloads/contentieux-security/contentieux-security/src/main/java/com/example/contentieux_security/controller/UtilisateurController.java:[52,13] cannot find symbol
[ERROR]   symbol:   class Map
[ERROR]   location: class com.example.contentieux_security.controller.UtilisateurController
[ERROR] /C:/Users/Oumaima/Desktop/application-web-de-gestion-de-contentieux-bancaire/Downloads/contentieux-security/contentieux-security/src/main/java/com/example/contentieux_security/controller/UtilisateurController.java:[83,21] cannot find symbol
[ERROR]   symbol:   class Map
[ERROR]   location: class com.example.contentieux_security.controller.UtilisateurController
[ERROR] /C:/Users/Oumaima/Desktop/application-web-de-gestion-de-contentieux-bancaire/Downloads/contentieux-security/contentieux-security/src/main/java/com/example/contentieux_security/controller/UtilisateurController.java:[121,21] cannot find symbol
[ERROR]   symbol:   class Map
[ERROR]   location: class com.example.contentieux_security.controller.UtilisateurController
[ERROR] -> [Help 1]
[ERROR] 
[ERROR] To see the full stack trace of the errors, re-run Maven with the -e switch.
[ERROR] Re-run Maven using the -X switch to enable full debug logging.
[ERROR] 
[ERROR] For more information about the errors and possible solutions, please read the following articles:
[ERROR] [Help 1] http://cwiki.apache.org/confluence/display/MAVEN/MojoFailureException
